gAAAAABpDyHA2fsRDbgcX7lXBSykPua6ZeZvfXRTB0ZNSJhku7GDjKIist_J45kVzuymeu_wP1YWumJPbZR6_0QaMUcTb3djcA==
gAAAAABpDyHAyh9DP-lEG4gIJrL3jODexuqZOVlidP8pJfWhYyjLdMK9SiK1raxnxgrVP5sc7L97is-Q0xOTUz6VfiaLDteUwQ==
gAAAAABpDyHK7N89iwUVU0SfOAa-G_D8zHrc-6-GTwiVpaK5_OAEFYcu9hNBRyB3yRyLtHY2-HmsJ3a91hG_JWKpv6G7e6NFtQ==
gAAAAABpDyHLS81_gCUHWx3ZmiP4M3l1VSEGjauW5vnX81b3yoFc3ZTkqVgsMbahQAu6BxOtFm7MK5PmmlV9NHFKUiiq2Tcklg==
gAAAAABpDyHLYWv2AD99t63L6YcDnzht1QDyKmWQT0Tvr7w7kO8tnCw8f3a0kWB0TEJpBpe8jSToTdUjv0zkrBBkvdWRnXQW4A==
gAAAAABpDyHMNVF3SV07y3QvSu75wOYKqzMEe9_Gfp6pn23Cd5SDJVtJIehYhQge2A9guoEMg7NaZuXkL4ZjrA5DNz9L849WyA==
gAAAAABpDyHNGGVA5BrY8v5Wkr4BVAX6uqWMyf-eNCwJRQ9-FWSnWX-rZW4A69HxpYBpI4b90rK-qq5cT3VzzUiN26wh8eYhPQ==
gAAAAABpDyHQjYCX6lLvmUYEU49_kWpDiDiFSj2urqvzuTXLswBT-nHhQ0j6xlna2_yCYU4EzUM2hGOrqytmUN57RvU7dohHiA==
gAAAAABpDyHiYjUTxZKoqSbL7eAi7wW09GSVT6KGv4pDo7TK46-Vk5hiffRvCl2JWN7EtWOWFeNYNPpvM9RIe6TLlT2GaY7Jqg==
gAAAAABpDyH57z2LoW0QQXkK3Ch7Eg4CjHoQJSW3GvFMbE1YzEFyx1u79XcGzgwtDWVpTJ41CZuoH9cAUB2AHFVGilJa4xzFjw==
gAAAAABpDyH6qPxVho-k8FwOOp83boUG-aDP7VJaUX4rjmYGCLlGXzUQCoGgS8IIXHOCH4grW0eFe4vIDcZjnKaNLkVez8vx-g==
gAAAAABpDyH_l4TdWZKL1fsX9umxKADPIxHkXHyU8lkgJnxSFbL6XkWEc1jw4AdpDby5YIh1oZ-dPgR7sPK_vR11AyM8hVexog==
gAAAAABpDyIBGUHJpERi_goFZeITdB-I9pVxf63imjxSk8v_bCY43xNUdPru9Hs3E89jMSxxJsUbHsracZOvenzIzzJPnubpwg==
gAAAAABpDyID69-A45y3HD0dkZQ654995xPEJcLlnb4vrkBNXazpWGsR4GngAkeSzhaZdItNy62GrCIpD7aaxmYA5VpJUYKOEg==
gAAAAABpDyIFEcSKsgsFoFtFhcIIVWA4hP3Bw90Tr3mGy4EC76iBXc3PEX5tQqbAV3lTibn6B2LLmuOD5GlnLHuUSa_8jvJVyQ==
gAAAAABpDyILlX-oW3p-Ey0ISzisXqdJ5pagJVWVVYnltlhusFTmwwKQEP9rhjQc-o3BsBWfWi2Ki2tU1vW1lnOp6KvfxV0WWw==
gAAAAABpDyIMPd2mI1XfgIJ2uQuuToXwIwAtwaWmwHZWERVy3vnDoWQZPilb4rNoelW7lgmYofoIqlbelBmDZlTPlFumcLqLlA==
gAAAAABpDyIOQJoEg86rWOZonP1cjxVYrICwTM9RD8CJ90fDgqkqnnylBiqbgw5GwzpiffInLGpfqGb2JXSfPKVc5AC8Y7x_qw==
gAAAAABpDyJ-AzBXSSmXnS_uKc0ObF34pggxdiWQBWLMoLoPWqCsYhVAwVUBkzXCN0Ov1ZrUF-ZAdDexsNh6ltZWLCpW2MNiIg==
gAAAAABpDyJ-02UayY893QUzJAVMRIfiRRxaPyD5iyTvkIEqYcbKvgeUmO42dzUxTHE84GNBq5DyI9_c-OtWDSCs4fwQo8ORhw==
gAAAAABpDyJ-rESb74CK898prql5XNLP-vzc3zqa9j6OV_LMqQ7XpPwkz4act-xFjNLl_elCbYKgUoucu6nFDmf6LSg4PNWk9w==
gAAAAABpDyJ_52ndfuy7RI1C4C5J2P9vKXC8bzuboB9LjNyNgQQVQh6Y3Q_w9KBYYMQFId3K5DAZsn2Nga8x_WhHPyv9-aa1WA==
gAAAAABpDyKL-7NV1dVBJQIKA5lcVJEb4T3j4LJjHOGwh2vicz5sODris6BJBz39eKhW99J4YQ7albaqW86k8mu_dHN5vgxy0Q==
gAAAAABpDyKL1yLVjrSU1lwGG47o4qhDMLXMYPoWK6ltPpjepmlZAH_3jqxyKWtW99Lakc864wIt26Xr_QOxbw4kEHnGpewmyg==
gAAAAABpDyKNyO2VowgWDyb7BSomNHUFvYRZg4wI7igzHn0U56gMsj3L-NO9OgfTB1O1PJqJwStQrBN0C7GCRhzLtSUjwsprJg==
gAAAAABpDyKOKIPYdTfrZXyJY5XjWJyVXg6cRLc7EvEqajOpzmXe5du6WdoNAc3R_oTNFZJjLUET08P8FK1eXodI24c4gbwwAg==
gAAAAABpDyKOwe4omwYfNZYDYYT60bjAQJ-CIfAiEqyCaazLl8KJs1W-4YNmSUveWL-2R1AjLSMdZnQ6QzxN_wHs8r2AJ9760w==
gAAAAABpDyKUFcuumaTt_f9D1Sgj_lLDSZs0IHXgbJRyW_5jnh95jVj8iOMPlhR0IAx88msjOQ5bYWuev-Wg_QzfqoxvioYKZQ==
gAAAAABpDyKVCdVCaikCoEZ9bY8I4ozm7rxzhKYktMYWFZ54PHRFGiknWdstsxuJ1Ir17cYi_SRzGq56j6htahPSojZrShwo7A==
gAAAAABpDyKq4KD03bJRGomydKmN91jom16Itb9tNSxtbjTW2UX8LQ5dLQB8OCmZ0cWNwY0s4Hbj_2GizLpyYqNoFnh0JsP_IA==
gAAAAABpDyKqquzl6xtXUWJIx5Qaz51a3-1eCsCguE_NlFawjd1WP871hIQOMiEmWFhdBYOZTkEJsAlrzPFE0FAALCriaF6Eqw==
gAAAAABpDyKtq0dYeCOiu1WP08dcQPImpxOqWAE-nPcQDMWfbr-tesGKEReE18Mjy1GLhRQqVqNU5djyg-LABKgeigqm3uEqFQ==
gAAAAABpDyKtljk5Wg7ckgtdIX56zEgi1pygElX56E5PqrqywyyVV3B7pcK6TYmyKBbH4SgEdpDtGFHL6vIbYKbvrtBREkSl3g==
gAAAAABpDyLOPEfGZav4fLOLD0b3VgkCkqUtewY124I_J8LlDSmJDtSM_B1TnHZXWqNFWvDxJnqH0597RAKbZBVRyvRGxPHgDg==
gAAAAABpDyLbPNldD6pM347AlLqCWkoIfgkCIfbK7263nwNPv6FlVrHGTnbdXkMhh_-b6BBv52o56iVUXqUYjFwT2dEiRvhqmg==
gAAAAABpDyLbbwb5V2HpVQlD2OHK5S7auacdFRSehNs8fu57LdzSU0ikz8ALgj1ekJyekXd2pBVcLAVpd1mqJZwW0sDczwHzxQ==
gAAAAABpDyLbViMfI6aDATGxkv0vSAFnyE4fXXUobH3-y5OANOeEBvUrgiI4hixyEuxbZLzoGGUqRu_zCbb49_DTHQc6vUe1-A==
gAAAAABpDyLyjCFxICspi-s02BUKieQp3hVIms2WDTv7NFgYAEpp6uV2DmwlXjEPopMs_N23Vnz5ZtfgP7EmsoS6Y0V60ArbgQ==
gAAAAABpDyL5LmIlW5KhuPRLYGrjdcOurhLW46LLd5HVfxYeUIvuKcLfHCo_O3LgFt6eSDE7CItyxcoQxC2T2PonQtrJjqbI5A==
gAAAAABpDyMIODvkx9h_RXrMin_AgkSJXGI6-jIKUa4YmEt5xOY7yUBTTz_kBzThZujD7ea8r8NUtEMn3v31oQrlc3s63y7BoQ==
gAAAAABpDyMr2MxSiIjF2-x-OGgESNQohcS2G_g90XDcPJiA0Spwr_XbAqnCmRSNFFZ6hEMwmQghs9quzz2IkB-QXStHU5msvA==
gAAAAABpDyMvpRY_VolsDuFohWOCiQnbFPU_MMqM7sxlXfcUYuLTUjSb4iX3cyaQQ2ryR3j3pL_EUdzuesqcaPRV3vbslWz4Ug==
gAAAAABpDyMvAxmG1l12MHzKy8g65QNlJexs91znKnRLvPwynhGtpoeTHw2dVzXwam09SP3dk5Whrw466nv8TdPO-bxe_NieYA==
gAAAAABpDyMvNsZSxZmqcU_Kk6k4PfRg0iH6XVWricQeA2J4K6YHW94m5XYupEfwjGrN6JsGTjgRNmhsoQDVKX5rxXDXvIv4aA==
gAAAAABpDyMvA5t31PmKiox4CBwYe5ZmMaF6jJeYwOcsfZ1SRo9eV5QpgvA9wly4Rd1kfd-Tnw8DaAKQOYpJpxk97sriGjZIaA==
gAAAAABpDyMvdY7QoJ-5dV1tHEPIprtanCD8WVxLaeexOTJf5_fmwagxltjik8ObglFCNXMtkFGEQ3G8SvVLwscdWNCLKVFReg==
gAAAAABpDyMvKnf7phCSmUhyGh4f9LD3SLEDbdJvqGQFj5s_2v7RM0XFPxt8dDmGcOxXDB2okw507x8hFoX5geRdUddx8AxSrQ==
gAAAAABpDyMvnBfHVg_3YdlEA82nnl5_Ag2jwf-kfv0QjN4cP5VzHUP3we-Pe73AzX7ecP6lQ5WXm9uRJbgJ5RTOEOMnZyk4jQ==
gAAAAABpDyMvPImcuHY1pu9ajb4HCr11VzsrWBLBRelz5ePrUoqOwap_O29Kq1AElhjOb6ceqwQqrMuIl-6qgflxfmplwNDGyg==
gAAAAABpDyMvRXPUaZIAhEFhYk4bvWaFq1HIwMp1cJSSjb_2pgMs9tT8dHDYawcbbYIv8VDrzxiwpCz5Z-YC02n5fnNw4TZj9Q==
gAAAAABpDyMvwV7WlnedtXgicggt5Mc6OAORh6FFO9Kk1hkXXAmO7r3KImZkA4PfiSgjAHiSnLmTSTT8FVCsd9R4VtUkuTFElA==
gAAAAABpDyMvrfrXcZ9OsG8j9VvcvVrCyLu4Z7pVUkXbXfG6hj1RUXYOQlK3Bay3SjPjp6HGNm1zNYNO6bLsOJiF-WVRW5GR4w==
gAAAAABpDyMvDv7vYQuqMlXNjlaKfT1oEvINsXsENzLi7wumhL-BiXRJyTZmxTXdmPfdGQOHdaZMWsxsXKq7-V-v7LYb5DGfUA==
gAAAAABpDyMvBYnrBpMjt-E_JUmmt3m3HgrEVISELKy1CZBBSIlYr6LRgLIjRfN-8myXXNu2b__1rs8d-FUfTJmhidQ1Jlwhng==
gAAAAABpDyMwLRS2b_Su7tJTtnthYCTezhoiPhwbo2zgDn7zDkA7ldAQefTDN9BqJPgw65BG1sy3_hiXOIov6fhUyNIf5AE2XQ==
gAAAAABpDyMwSRcC04DZnSmf0gadyYGPQJw3f-Lk3GmOu8M_SKj1MnKwdOX6nh9Iw1zuqwrOZ7byumFfoZwdMc8LYNjQJTIzCA==
gAAAAABpDyMw-m0GuVz0rbv6d_Iz1cPSz507NlxkPqkJRm3JDTMSpdCzE_Z-R9n0lgANb4vfuaM_uRsnEFXWZMdUsY3rrDmDJw==
gAAAAABpDyMw3OwB6IFUHSLYB17J--zI87hkLx151BDr1eJrVcWYg4MGc79TULx1Uff3nmS8oU6vZNh3y1M_jToP2goImv9wPw==
gAAAAABpDyMwTOU7JukUm7CIIHxwHwzoWFz5faKdTs3WT-yOCGbMQkmVpizeKeBcEs--zek6a0sQcYVGSdvCcNZTkZbKcQ5AyQ==
gAAAAABpDyMwWKVnHRnGt_8TdZpK9CuxsGDGn9xKQvy9Tq1bKXRXyhIjOgdlnxRjVs-KWKvpzD1nS8-ZdSszhw39N9ZvieOktg==
gAAAAABpDyMwJSkyOkK1Wu_2cCDDje-MDUMMdMHT7p_eOMj7DwdzQ8ITyhNJwd0ptC1sUPUXl0PANdg-MJL_q_UdNa3yTuYVXA==
gAAAAABpDyMxdnWO8WwVF5jNJ8PXNHVomWmGirKcE1YQbvyNojMxePnfCwUU1SVNd3XhCwmsd7ier33yL6TsXSVi9bQnFQW2Mw==
gAAAAABpDyMxV7O49X5mfkg8xEKXaZssv0k2-YPaQj93EBJObix4Gz-raaYRYoDBCVfpUow8T43YPxkaoRGg7rGczGBfp2VYkQ==
gAAAAABpDyMyZfhdQMylXj65ouwgYz6UtqGx9vTmj-sgKnzm9yFaU3hX-IGx0yUAs19JmqZbsX_Wn7H9xImc3coVjKRFLkHl_Q==
gAAAAABpDyMyxrif7L7GTjeGru8Z9ECunxL34orfLOddbzMThDR6Pm_WPZfg1UvEYWyO8pvZ5FNvRdrFK_G96DDwDWTVVGKGWQ==
gAAAAABpDyMy7RtlU5s53-tdX_UNDeNZTknovNyjESSDtt53_XIegO5l0QOKFW2gJbsfoh_OgXBa7BZ3h-oTXwlNnfy10EgyNA==
gAAAAABpDyMy225sQb8YnWS0cWwfQSiEKKBfkLllAzVozg4_75SfdV8F0r-sM1OnL3-Y7k20wpjXZXlu2IKSulRvSYegRTqGiQ==
gAAAAABpDyMzN-v0HrCBkUW1ZRGSIOx5ULY7vhqXAivSJJhSjQYrBK_TGBGkR7q_qg3kcglYv8ZcJHicaT4k5ffAx6vycIvN8Q==
gAAAAABpDyMz2dWC5791PTTYN9iUitEY0ZTurHNL7I-qw7RyMuDjOBMs78PoYgsWWzkRr2QKVI0KP72h3XGmeJ842mtiueae1g==
gAAAAABpDyMz0gzemzw8UXUiirS58UUg5SqvnEN2vKpX0Iv3Duix9zr9T47ULR1CvPsXyGdLv-8YoDt2iX978cSUk3C6oBXeXw==
gAAAAABpDyM0PdL9KavP1F4nhXKV8nti6K5b2_JZM0ZZ2Vzkj-Fwdg5lxIkOmmGF1zqxGp2LrBNndl3Y1ZA5cHQS5HOkZZZYSQ==
gAAAAABpDyM08xMKaAt_tOmW6Zivhs5dvfUYdefOyZAPD9HjTawPFrDEvZfboP63R_e9mT3jew9iSSPPX4KlQzOHWUO7rgeOeQ==
gAAAAABpDyM0AO4DBxNkmhNjWHNXGCjbHWJank7UoHeajnMgkj7l_4KalQvgT6vUKwelcrYGjVrtGxVU9N1Y3bPrICOGmOJ6Bw==
gAAAAABpDyM06eahsYUOG-3dYvX65KOUuuUibbFoP-rFz55RS-TueiVuHmDKIpbn1CQV-oKMZrQSjGSd4dIul4u610sdngcfog==
gAAAAABpDyM2L0mLIRRqxytdrMZb40WY9AjkMaModTq6JWWjc0YTr4AT4nkrBg8LFPzLn0-SzB-q9nGWOZwrEFR6Y2SmDfTU1w==
gAAAAABpDyM2CjycIIHcIdiu9pn_0zEibB_N1yVuCDQMoA11fIpuvJJmnz4sx2YPTIYdQ4kHBiDtDYLGO0gUzUNux1_GtmXDkQ==
gAAAAABpDyM2XgWcul9nWc5YrMr3FdFwadmsl_vZy0ORhgYQ9MTsD4D79-B_spQnm83KrCCZI2P1XwhDPwihSigCojXEFdtgTQ==
gAAAAABpDyM3nHf0NxqU2bo23oA1NgObDkaBYRyihrIAkR6d-Ecfuho_ER5r2TM7Lgenw8Y7FJnJPEVDgUCUN6Iysc5NetTxFA==
gAAAAABpDyM3gt99PJm1_gtAO91CvvLyw6TohG2uXpFAf5gP3BkNMXPdEIAKCO3L3y69JgVjdbsWHu4hd8O61cIyN8YL23Yc2g==
gAAAAABpDyM46hDsqXpwV7JB8XuSp476MDHgAT5yCjD6qp4WVOLmeOereYeRiYwAx6dm5Tq3-zzhRsIHRyUesmQcvBZXHNEEig==
gAAAAABpDyM4OMS_-nh1YLYs4mQnDsqf9KUbnLObDV8M0rMGTZvWrk0l-HtsFFTYuCVNGh1yE_KklWbXQadAFlzdKBR0SzM1WQ==
gAAAAABpDyM4V92iHFV_Xl3Eqt04dVwGOtQksTGELBDiquPFNF4tb1tNzwD-CbMtTX3cPMK82EPCUQkdtXx7i3MgDvyH80K06Q==
gAAAAABpDyM4SznwR7PK8ctazhGU_2xGugeJnsL3wIRtd7IXmrSoV76yjVeqCHXwd2_VZcb-IRn_Hy9sdvRQehOBLAhnajVMow==
gAAAAABpDyM5X5eWHJ8d6BiXKYFHyj-2bVXDpzutlFmQ1AnGGvtU81PTV2lqzWKKsmcbIgmULcY3v6KnmQHVZjBhFJ_qVq82mg==
gAAAAABpDyM5GuFjQ6RGSmFnZkmTpntbuC8QSocApPLJhhb5e3JK0Fo2MJKbeBGQEP25KPFWAphceuJ4LLRvp9qQyou57Ja-TQ==
gAAAAABpDyO4qF9L0z5EFiAY68ya3nFTwPMhsRJ-0pxugJ8O3uf2C8NKZGLoBDQKPhmNOShvEN0Fkpw9jx2I497g-ILRRELg3Q==
gAAAAABpDyO4fcKpjQoq9Jd5yUl6xN7hsAsm_RemBjqAbnCJJKot89sZVr5ALHrqPHgJPgI7fTlLpoSHGc5xA0tI-mmzjOC2iQ==
gAAAAABpDyPBJjy-twbRKS_ayTCO8a3JXea41FCCIaUMTKQrqf-2jxbn_821xkxQPS1CYevp7DdPreJssMOw00wIAWd-fxESwA==
gAAAAABpDyPEDAHLvyOe6HVNFug-69neDXoTiguqhFlY9q_2DlORw4GaNZC4MME6p2nlu-Y8CepK3VWk84hL4KbHxoMqIJI6qQ==
gAAAAABpDyPEzrRBYH68RV2Rf7Sto--UPyDeeQS0kzzIeeGCOmXuXck-Pm1c_zyR7byX3fVU-N2iO600v4SEvU6nuCuk0aSTpA==
gAAAAABpDyPEEydE9K78qNAheshTfNJo-jsjFXxi60yaky7NyKM5nBT42uNkyBDkTHxCnf6MtnEUCX1T_iOExdf_oZFOhRj7Ig==
gAAAAABpDyPfVv28ZE8xNM2oUboeUWpjfm5pdbs5Sh-Zls4QbFqjekjEiwO0MhQCNsDERMgWgxcr6Eio0061lRiSjZQ17QJRGA==
gAAAAABpDyPgDUzds5n6tVdot9aRHxOA8zw1Z87wj84PoQmlXWu5Gz5SOl2WquZD2ehFXtdEQAQMyQKoWZb3uNWtHqJDQdwKzg==
gAAAAABpDyPhjv1fYEZCGQ__E4yvHJVvW8qSz9wvuPgrcrXiZueQ960W1CGMfGASMSJsxQk81LCH1F-M31tPgxJRoFXf5JjIow==
gAAAAABpDyPi47_egcpJhoM_ulcGae08ovyHUwihn_-fUk8a4aS4vA70xJn3NCIQ_X2KErVWZ89xhLtXQ_AGCpgH6OtcoJcYiA==
gAAAAABpDyPjYTU5nR4kn7BU69AJO-qwUUAGVZpiEfGLbiShpq6KrGcQbBgPfQHVo1o7YF60nBXlao6sjaNsckoDEQPrlJrM5A==
gAAAAABpDyPkbw_fiJF43TcNquqRHgPP9suHAClONkPQXJurL8RdYySlUcCGd--vQaA55lfKwJ3Yc8mgxwWgKWpCoscsHvBojw==
gAAAAABpDyPr-2RhSlx1CSeWoeAaI8z_t1_bZVErTEJv6mDyj3MlBSYOvPVVOxBaQ8gwRvb5VxRuziXjnCjomfnNxUNjSUZArg==
gAAAAABpDyPrFSIxS0CrcTxqMT2hSdRRsUJoK3LCuuHDLsT8l5v24yrZ9KLzDRL8qH3jcgTv1S46EL2UVUGVL7lYO-HYnTOHXQ==
gAAAAABpDyPrns_1YHqEerXiAhgqk_tTihK2RKKZsSXYaLYJxyLiWCTNLQeWR1TyVc_mS4U4V5qhhTLdUaoYdVea0tXnGRLaQQ==
gAAAAABpDyPtWibS4Iw3wyYbYijqCMy2Xj-J_xv6L-T16dnBJRs7b2V186BS8lybgdR5B_0M5Psp8BqTjQn4YxD1ReCvV3fLtQ==
gAAAAABpDyPt_n3XNb-_2vusbtUAgxUH-Om546ODfFiC0qg4iY5YRSmIU9RH8G6u3w0hVvMcuFfUoeXh1svzXb5T2jBtDHECaQ==
